# JRE version: Java(TM) SE Runtime Environment (8.0_40-b25) (build 1.8.0_40-b25)
# Java VM: Java HotSpot(TM) 64-Bit Server VM (25.40-b25 mixed mode windows-amd64 compressed oops)
Heap:
 PSYoungGen      total 290304K, used 290299K [0x00000000eab00000, 0x0000000100000000, 0x0000000100000000)
  eden space 252416K, 100% used [0x00000000eab00000,0x00000000fa180000,0x00000000fa180000)
  from space 37888K, 99% used [0x00000000fcf80000,0x00000000ff47ed18,0x00000000ff480000)
  to   space 47104K, 99% used [0x00000000fa180000,0x00000000fcf7db60,0x00000000fcf80000)
 ParOldGen       total 147456K, used 61582K [0x00000000c0000000, 0x00000000c9000000, 0x00000000eab00000)
  object space 147456K, 41% used [0x00000000c0000000,0x00000000c3c23958,0x00000000c9000000)
 Metaspace       used 86009K, capacity 94908K, committed 96640K, reserved 1134592K
  class space    used 10782K, capacity 11550K, committed 12160K, reserved 1048576K
GC Heap History (10 events):
Event: 20062.211 GC heap after
Heap after GC invocations=210 (full 49):
 PSYoungGen      total 299008K, used 13622K [0x00000000eab00000, 0x00000000ffc80000, 0x0000000100000000)
  eden space 253952K, 0% used [0x00000000eab00000,0x00000000eab00000,0x00000000fa300000)
  from space 45056K, 30% used [0x00000000fa300000,0x00000000fb04dba0,0x00000000fcf00000)
  to   space 42496K, 0% used [0x00000000fd300000,0x00000000fd300000,0x00000000ffc80000)
 ParOldGen       total 147456K, used 49967K [0x00000000c0000000, 0x00000000c9000000, 0x00000000eab00000)
  object space 147456K, 33% used [0x00000000c0000000,0x00000000c30cbe08,0x00000000c9000000)
 Metaspace       used 84699K, capacity 93306K, committed 96512K, reserved 1134592K
  class space    used 10603K, capacity 11313K, committed 12032K, reserved 1048576K
}
Event: 20066.606 GC heap before
{Heap before GC invocations=211 (full 49):
 PSYoungGen      total 299008K, used 267574K [0x00000000eab00000, 0x00000000ffc80000, 0x0000000100000000)
  eden space 253952K, 100% used [0x00000000eab00000,0x00000000fa300000,0x00000000fa300000)
  from space 45056K, 30% used [0x00000000fa300000,0x00000000fb04dba0,0x00000000fcf00000)
  to   space 42496K, 0% used [0x00000000fd300000,0x00000000fd300000,0x00000000ffc80000)
 ParOldGen       total 147456K, used 49967K [0x00000000c0000000, 0x00000000c9000000, 0x00000000eab00000)
  object space 147456K, 33% used [0x00000000c0000000,0x00000000c30cbe08,0x00000000c9000000)
 Metaspace       used 85817K, capacity 94484K, committed 96512K, reserved 1134592K
  class space    used 10757K, capacity 11494K, committed 12032K, reserved 1048576K
Event: 20066.637 GC heap after
Heap after GC invocations=211 (full 49):
 PSYoungGen      total 300032K, used 6900K [0x00000000eab00000, 0x00000000ff880000, 0x0000000100000000)
  eden space 261632K, 0% used [0x00000000eab00000,0x00000000eab00000,0x00000000faa80000)
  from space 38400K, 17% used [0x00000000fd300000,0x00000000fd9bd170,0x00000000ff880000)
  to   space 39936K, 0% used [0x00000000faa80000,0x00000000faa80000,0x00000000fd180000)
 ParOldGen       total 147456K, used 49975K [0x00000000c0000000, 0x00000000c9000000, 0x00000000eab00000)
  object space 147456K, 33% used [0x00000000c0000000,0x00000000c30cde08,0x00000000c9000000)
 Metaspace       used 85817K, capacity 94484K, committed 96512K, reserved 1134592K
  class space    used 10757K, capacity 11494K, committed 12032K, reserved 1048576K
}
Event: 20078.672 GC heap before
{Heap before GC invocations=212 (full 49):
 PSYoungGen      total 300032K, used 220716K [0x00000000eab00000, 0x00000000ff880000, 0x0000000100000000)
  eden space 261632K, 81% used [0x00000000eab00000,0x00000000f7bce168,0x00000000faa80000)
  from space 38400K, 17% used [0x00000000fd300000,0x00000000fd9bd170,0x00000000ff880000)
  to   space 39936K, 0% used [0x00000000faa80000,0x00000000faa80000,0x00000000fd180000)
 ParOldGen       total 147456K, used 49975K [0x00000000c0000000, 0x00000000c9000000, 0x00000000eab00000)
  object space 147456K, 33% used [0x00000000c0000000,0x00000000c30cde08,0x00000000c9000000)
 Metaspace       used 85824K, capacity 94484K, committed 96512K, reserved 1134592K
  class space    used 10758K, capacity 11494K, committed 12032K, reserved 1048576K
Event: 20078.688 GC heap after
Heap after GC invocations=212 (full 49):
 PSYoungGen      total 269824K, used 7834K [0x00000000eab00000, 0x00000000ff480000, 0x0000000100000000)
  eden space 261632K, 0% used [0x00000000eab00000,0x00000000eab00000,0x00000000faa80000)
  from space 8192K, 95% used [0x00000000faa80000,0x00000000fb2269b0,0x00000000fb280000)
  to   space 37888K, 0% used [0x00000000fcf80000,0x00000000fcf80000,0x00000000ff480000)
 ParOldGen       total 147456K, used 49983K [0x00000000c0000000, 0x00000000c9000000, 0x00000000eab00000)
  object space 147456K, 33% used [0x00000000c0000000,0x00000000c30cfe08,0x00000000c9000000)
 Metaspace       used 85824K, capacity 94484K, committed 96512K, reserved 1134592K
  class space    used 10758K, capacity 11494K, committed 12032K, reserved 1048576K
}
Event: 20078.688 GC heap before
{Heap before GC invocations=213 (full 50):
 PSYoungGen      total 269824K, used 7834K [0x00000000eab00000, 0x00000000ff480000, 0x0000000100000000)
  eden space 261632K, 0% used [0x00000000eab00000,0x00000000eab00000,0x00000000faa80000)
  from space 8192K, 95% used [0x00000000faa80000,0x00000000fb2269b0,0x00000000fb280000)
  to   space 37888K, 0% used [0x00000000fcf80000,0x00000000fcf80000,0x00000000ff480000)
 ParOldGen       total 147456K, used 49983K [0x00000000c0000000, 0x00000000c9000000, 0x00000000eab00000)
  object space 147456K, 33% used [0x00000000c0000000,0x00000000c30cfe08,0x00000000c9000000)
 Metaspace       used 85824K, capacity 94484K, committed 96512K, reserved 1134592K
  class space    used 10758K, capacity 11494K, committed 12032K, reserved 1048576K
Event: 20079.169 GC heap after
Heap after GC invocations=213 (full 50):
 PSYoungGen      total 269824K, used 0K [0x00000000eab00000, 0x00000000ff480000, 0x0000000100000000)
  eden space 261632K, 0% used [0x00000000eab00000,0x00000000eab00000,0x00000000faa80000)
  from space 8192K, 0% used [0x00000000faa80000,0x00000000faa80000,0x00000000fb280000)
  to   space 37888K, 0% used [0x00000000fcf80000,0x00000000fcf80000,0x00000000ff480000)
 ParOldGen       total 147456K, used 55128K [0x00000000c0000000, 0x00000000c9000000, 0x00000000eab00000)
  object space 147456K, 37% used [0x00000000c0000000,0x00000000c35d6110,0x00000000c9000000)
 Metaspace       used 85109K, capacity 93730K, committed 96512K, reserved 1134592K
  class space    used 10675K, capacity 11389K, committed 12032K, reserved 1048576K
}
Event: 20150.667 GC heap before
{Heap before GC invocations=214 (full 50):
 PSYoungGen      total 269824K, used 261632K [0x00000000eab00000, 0x00000000ff480000, 0x0000000100000000)
  eden space 261632K, 100% used [0x00000000eab00000,0x00000000faa80000,0x00000000faa80000)
  from space 8192K, 0% used [0x00000000faa80000,0x00000000faa80000,0x00000000fb280000)
  to   space 37888K, 0% used [0x00000000fcf80000,0x00000000fcf80000,0x00000000ff480000)
 ParOldGen       total 147456K, used 55128K [0x00000000c0000000, 0x00000000c9000000, 0x00000000eab00000)
  object space 147456K, 37% used [0x00000000c0000000,0x00000000c35d6110,0x00000000c9000000)
 Metaspace       used 85865K, capacity 94636K, committed 96512K, reserved 1134592K
  class space    used 10766K, capacity 11502K, committed 12032K, reserved 1048576K
Event: 20150.817 GC heap after
Heap after GC invocations=214 (full 50):
 PSYoungGen      total 290304K, used 37883K [0x00000000eab00000, 0x0000000100000000, 0x0000000100000000)
  eden space 252416K, 0% used [0x00000000eab00000,0x00000000eab00000,0x00000000fa180000)
  from space 37888K, 99% used [0x00000000fcf80000,0x00000000ff47ed18,0x00000000ff480000)
  to   space 47104K, 0% used [0x00000000fa180000,0x00000000fa180000,0x00000000fcf80000)
 ParOldGen       total 147456K, used 60823K [0x00000000c0000000, 0x00000000c9000000, 0x00000000eab00000)
  object space 147456K, 41% used [0x00000000c0000000,0x00000000c3b65c08,0x00000000c9000000)
 Metaspace       used 85865K, capacity 94636K, committed 96512K, reserved 1134592K
  class space    used 10766K, capacity 11502K, committed 12032K, reserved 1048576K
}
Event: 20604.559 GC heap before
{Heap before GC invocations=215 (full 50):
 PSYoungGen      total 290304K, used 290299K [0x00000000eab00000, 0x0000000100000000, 0x0000000100000000)
  eden space 252416K, 100% used [0x00000000eab00000,0x00000000fa180000,0x00000000fa180000)
  from space 37888K, 99% used [0x00000000fcf80000,0x00000000ff47ed18,0x00000000ff480000)
  to   space 47104K, 0% used [0x00000000fa180000,0x00000000fa180000,0x00000000fcf80000)
 ParOldGen       total 147456K, used 60823K [0x00000000c0000000, 0x00000000c9000000, 0x00000000eab00000)
  object space 147456K, 41% used [0x00000000c0000000,0x00000000c3b65c08,0x00000000c9000000)
 Metaspace       used 86009K, capacity 94908K, committed 96640K, reserved 1134592K
  class space    used 10782K, capacity 11550K, committed 12160K, reserved 1048576K

